build/app/intermediates/manifest_merge_blame_file/debug/manifest-merger-blame-debug-report.txt
1<?xml version="1.0" encoding="utf-8"?>
2<manifest xmlns:android="http://schemas.android.com/apk/res/android"
3    package="online.edentech.fuodzdeliveryboy"
4    android:versionCode="21"
5    android:versionName="1.4.2" >
6
7    <uses-sdk
8        android:minSdkVersion="23"
9        android:targetSdkVersion="30" />
10    <!--
11         Flutter needs it to communicate with the running application
12         to allow setting breakpoints, to provide hot reload, etc.
13    -->
14    <uses-permission android:name="android.permission.INTERNET" />
14-->src/debug/AndroidManifest.xml:6:5-66
14-->src/debug/AndroidManifest.xml:6:22-64
15    <!--
16     io.flutter.app.FlutterApplication is an android.app.Application that
17         calls FlutterMain.startInitialization(this); in its onCreate method.
18         In most cases you can leave this as-is, but you if you want to provide
19         additional functionality it is fine to subclass or reimplement FlutterApplication and put your custom class here.
20    -->
21    <uses-permission android:name="android.permission.QUERY_ALL_PACKAGES" />
21-->src/main/AndroidManifest.xml:8:5-76
21-->src/main/AndroidManifest.xml:8:22-74
22    <uses-permission android:name="android.permission.ACCESS_COARSE_LOCATION" />
22-->[:location] AndroidManifest.xml:7:5-81
22-->[:location] AndroidManifest.xml:7:22-78
23    <uses-permission android:name="android.permission.ACCESS_FINE_LOCATION" />
23-->[:location] AndroidManifest.xml:8:5-79
23-->[:location] AndroidManifest.xml:8:22-76
24
25    <queries>
25-->[:map_launcher] AndroidManifest.xml:7:5-20:15
26        <package android:name="com.google.android.apps.maps" />
26-->[:map_launcher] AndroidManifest.xml:8:9-64
26-->[:map_launcher] AndroidManifest.xml:8:18-61
27        <package android:name="com.google.android.apps.mapslite" />
27-->[:map_launcher] AndroidManifest.xml:9:9-68
27-->[:map_launcher] AndroidManifest.xml:9:18-65
28        <package android:name="com.autonavi.minimap" />
28-->[:map_launcher] AndroidManifest.xml:10:9-56
28-->[:map_launcher] AndroidManifest.xml:10:18-53
29        <package android:name="com.baidu.BaiduMap" />
29-->[:map_launcher] AndroidManifest.xml:11:9-54
29-->[:map_launcher] AndroidManifest.xml:11:18-51
30        <package android:name="com.waze" />
30-->[:map_launcher] AndroidManifest.xml:12:9-44
30-->[:map_launcher] AndroidManifest.xml:12:18-41
31        <package android:name="ru.yandex.yandexnavi" />
31-->[:map_launcher] AndroidManifest.xml:13:9-56
31-->[:map_launcher] AndroidManifest.xml:13:18-53
32        <package android:name="ru.yandex.yandexmaps" />
32-->[:map_launcher] AndroidManifest.xml:14:9-56
32-->[:map_launcher] AndroidManifest.xml:14:18-53
33        <package android:name="com.citymapper.app.release" />
33-->[:map_launcher] AndroidManifest.xml:15:9-62
33-->[:map_launcher] AndroidManifest.xml:15:18-59
34        <package android:name="com.mapswithme.maps.pro" />
34-->[:map_launcher] AndroidManifest.xml:16:9-59
34-->[:map_launcher] AndroidManifest.xml:16:18-56
35        <package android:name="net.osmand" />
35-->[:map_launcher] AndroidManifest.xml:17:9-46
35-->[:map_launcher] AndroidManifest.xml:17:18-43
36        <package android:name="ru.dublgis.dgismobile" />
36-->[:map_launcher] AndroidManifest.xml:18:9-57
36-->[:map_launcher] AndroidManifest.xml:18:18-54
37        <package android:name="com.tencent.map" />
37-->[:map_launcher] AndroidManifest.xml:19:9-51
37-->[:map_launcher] AndroidManifest.xml:19:18-48
38
39        <intent>
39-->[:flutter_inappwebview] AndroidManifest.xml:8:9-10:18
40            <action android:name="android.support.customtabs.action.CustomTabsService" />
40-->[:flutter_inappwebview] AndroidManifest.xml:9:13-90
40-->[:flutter_inappwebview] AndroidManifest.xml:9:21-87
41        </intent>
42    </queries>
43
44    <uses-permission android:name="android.permission.WRITE_EXTERNAL_STORAGE" />
44-->[:photo_manager] AndroidManifest.xml:7:5-81
44-->[:photo_manager] AndroidManifest.xml:7:22-78
45    <uses-permission android:name="android.permission.READ_EXTERNAL_STORAGE" />
45-->[:photo_manager] AndroidManifest.xml:8:5-80
45-->[:photo_manager] AndroidManifest.xml:8:22-77
46    <uses-permission android:name="android.permission.ACCESS_MEDIA_LOCATION" /> <!-- Samsung Badge -->
46-->[:photo_manager] AndroidManifest.xml:9:5-80
46-->[:photo_manager] AndroidManifest.xml:9:22-77
47    <uses-permission android:name="com.sec.android.provider.badge.permission.READ" />
47-->[:awesome_notifications] AndroidManifest.xml:8:5-86
47-->[:awesome_notifications] AndroidManifest.xml:8:22-83
48    <uses-permission android:name="com.sec.android.provider.badge.permission.WRITE" /> <!-- Sony Badge -->
48-->[:awesome_notifications] AndroidManifest.xml:9:5-87
48-->[:awesome_notifications] AndroidManifest.xml:9:22-84
49    <uses-permission android:name="com.sonyericsson.home.permission.BROADCAST_BADGE" /> <!-- HTC Badge -->
49-->[:awesome_notifications] AndroidManifest.xml:12:5-88
49-->[:awesome_notifications] AndroidManifest.xml:12:22-85
50    <uses-permission android:name="com.htc.launcher.permission.READ_SETTINGS" />
50-->[:awesome_notifications] AndroidManifest.xml:15:5-81
50-->[:awesome_notifications] AndroidManifest.xml:15:22-78
51    <uses-permission android:name="com.htc.launcher.permission.UPDATE_SHORTCUT" />
51-->[:awesome_notifications] AndroidManifest.xml:16:5-83
51-->[:awesome_notifications] AndroidManifest.xml:16:22-80
52    <uses-permission android:name="android.permission.RECEIVE_BOOT_COMPLETED" />
52-->[:awesome_notifications] AndroidManifest.xml:17:5-81
52-->[:awesome_notifications] AndroidManifest.xml:17:22-78
53    <uses-permission android:name="android.permission.WAKE_LOCK" />
53-->[:firebase_messaging] AndroidManifest.xml:8:5-68
53-->[:firebase_messaging] AndroidManifest.xml:8:22-65
54    <uses-permission android:name="android.permission.ACCESS_NETWORK_STATE" />
54-->[:firebase_messaging] AndroidManifest.xml:9:5-79
54-->[:firebase_messaging] AndroidManifest.xml:9:22-76
55    <uses-permission android:name="android.permission.FOREGROUND_SERVICE" />
55-->[:assets_audio_player] AndroidManifest.xml:7:5-77
55-->[:assets_audio_player] AndroidManifest.xml:7:22-74
56    <uses-permission android:name="android.permission.VIBRATE" /> <!-- Required by older versions of Google Play services to create IID tokens -->
56-->[:assets_audio_player] AndroidManifest.xml:8:5-66
56-->[:assets_audio_player] AndroidManifest.xml:8:22-63
57    <uses-permission android:name="com.google.android.c2dm.permission.RECEIVE" />
57-->[com.google.firebase:firebase-messaging:23.0.0] AndroidManifest.xml:25:5-82
57-->[com.google.firebase:firebase-messaging:23.0.0] AndroidManifest.xml:25:22-79
58
59    <uses-feature
59-->[com.google.android.gms:play-services-maps:17.0.0] AndroidManifest.xml:26:5-28:35
60        android:glEsVersion="0x00020000"
60-->[com.google.android.gms:play-services-maps:17.0.0] AndroidManifest.xml:27:9-41
61        android:required="true" />
61-->[com.google.android.gms:play-services-maps:17.0.0] AndroidManifest.xml:28:9-32
62
63    <uses-permission android:name="com.sonymobile.home.permission.PROVIDER_INSERT_BADGE" /> <!-- for apex -->
63-->[me.leolin:ShortcutBadger:1.1.22] AndroidManifest.xml:28:5-92
63-->[me.leolin:ShortcutBadger:1.1.22] AndroidManifest.xml:28:22-89
64    <uses-permission android:name="com.anddoes.launcher.permission.UPDATE_COUNT" /> <!-- for solid -->
64-->[me.leolin:ShortcutBadger:1.1.22] AndroidManifest.xml:31:5-84
64-->[me.leolin:ShortcutBadger:1.1.22] AndroidManifest.xml:31:22-81
65    <uses-permission android:name="com.majeur.launcher.permission.UPDATE_BADGE" /> <!-- for huawei -->
65-->[me.leolin:ShortcutBadger:1.1.22] AndroidManifest.xml:34:5-83
65-->[me.leolin:ShortcutBadger:1.1.22] AndroidManifest.xml:34:22-80
66    <uses-permission android:name="com.huawei.android.launcher.permission.CHANGE_BADGE" />
66-->[me.leolin:ShortcutBadger:1.1.22] AndroidManifest.xml:37:5-91
66-->[me.leolin:ShortcutBadger:1.1.22] AndroidManifest.xml:37:22-88
67    <uses-permission android:name="com.huawei.android.launcher.permission.READ_SETTINGS" />
67-->[me.leolin:ShortcutBadger:1.1.22] AndroidManifest.xml:38:5-92
67-->[me.leolin:ShortcutBadger:1.1.22] AndroidManifest.xml:38:22-89
68    <uses-permission android:name="com.huawei.android.launcher.permission.WRITE_SETTINGS" /> <!-- for ZUK -->
68-->[me.leolin:ShortcutBadger:1.1.22] AndroidManifest.xml:39:5-93
68-->[me.leolin:ShortcutBadger:1.1.22] AndroidManifest.xml:39:22-90
69    <uses-permission android:name="android.permission.READ_APP_BADGE" /> <!-- for OPPO -->
69-->[me.leolin:ShortcutBadger:1.1.22] AndroidManifest.xml:42:5-73
69-->[me.leolin:ShortcutBadger:1.1.22] AndroidManifest.xml:42:22-70
70    <uses-permission android:name="com.oppo.launcher.permission.READ_SETTINGS" />
70-->[me.leolin:ShortcutBadger:1.1.22] AndroidManifest.xml:45:5-82
70-->[me.leolin:ShortcutBadger:1.1.22] AndroidManifest.xml:45:22-79
71    <uses-permission android:name="com.oppo.launcher.permission.WRITE_SETTINGS" /> <!-- for EvMe -->
71-->[me.leolin:ShortcutBadger:1.1.22] AndroidManifest.xml:46:5-83
71-->[me.leolin:ShortcutBadger:1.1.22] AndroidManifest.xml:46:22-80
72    <uses-permission android:name="me.everything.badger.permission.BADGE_COUNT_READ" />
72-->[me.leolin:ShortcutBadger:1.1.22] AndroidManifest.xml:49:5-88
72-->[me.leolin:ShortcutBadger:1.1.22] AndroidManifest.xml:49:22-85
73    <uses-permission android:name="me.everything.badger.permission.BADGE_COUNT_WRITE" />
73-->[me.leolin:ShortcutBadger:1.1.22] AndroidManifest.xml:50:5-89
73-->[me.leolin:ShortcutBadger:1.1.22] AndroidManifest.xml:50:22-86
74    <uses-permission android:name="android.permission.CAMERA" /> <!-- Don't require camera, as this requires a rear camera. This allows it to work on the Nexus 7 -->
74-->[com.journeyapps:zxing-android-embedded:4.1.0] AndroidManifest.xml:22:5-65
74-->[com.journeyapps:zxing-android-embedded:4.1.0] AndroidManifest.xml:22:22-62
75    <uses-feature
75-->[com.journeyapps:zxing-android-embedded:4.1.0] AndroidManifest.xml:25:5-27:36
76        android:name="android.hardware.camera"
76-->[com.journeyapps:zxing-android-embedded:4.1.0] AndroidManifest.xml:26:9-47
77        android:required="false" />
77-->[com.journeyapps:zxing-android-embedded:4.1.0] AndroidManifest.xml:27:9-33
78    <uses-feature
78-->[com.journeyapps:zxing-android-embedded:4.1.0] AndroidManifest.xml:28:5-30:36
79        android:name="android.hardware.camera.front"
79-->[com.journeyapps:zxing-android-embedded:4.1.0] AndroidManifest.xml:29:9-53
80        android:required="false" /> <!-- TODO replace above two with next line after Android 4.2 -->
80-->[com.journeyapps:zxing-android-embedded:4.1.0] AndroidManifest.xml:30:9-33
81    <!-- <uses-feature android:name="android.hardware.camera.any"/> -->
82    <uses-feature
82-->[com.journeyapps:zxing-android-embedded:4.1.0] AndroidManifest.xml:33:5-35:36
83        android:name="android.hardware.camera.autofocus"
83-->[com.journeyapps:zxing-android-embedded:4.1.0] AndroidManifest.xml:34:9-57
84        android:required="false" />
84-->[com.journeyapps:zxing-android-embedded:4.1.0] AndroidManifest.xml:35:9-33
85    <uses-feature
85-->[com.journeyapps:zxing-android-embedded:4.1.0] AndroidManifest.xml:36:5-38:36
86        android:name="android.hardware.camera.flash"
86-->[com.journeyapps:zxing-android-embedded:4.1.0] AndroidManifest.xml:37:9-53
87        android:required="false" />
87-->[com.journeyapps:zxing-android-embedded:4.1.0] AndroidManifest.xml:38:9-33
88    <uses-feature
88-->[com.journeyapps:zxing-android-embedded:4.1.0] AndroidManifest.xml:39:5-41:36
89        android:name="android.hardware.screen.landscape"
89-->[com.journeyapps:zxing-android-embedded:4.1.0] AndroidManifest.xml:40:9-57
90        android:required="false" />
90-->[com.journeyapps:zxing-android-embedded:4.1.0] AndroidManifest.xml:41:9-33
91    <uses-feature
91-->[com.journeyapps:zxing-android-embedded:4.1.0] AndroidManifest.xml:42:5-44:36
92        android:name="android.hardware.wifi"
92-->[com.journeyapps:zxing-android-embedded:4.1.0] AndroidManifest.xml:43:9-45
93        android:required="false" />
93-->[com.journeyapps:zxing-android-embedded:4.1.0] AndroidManifest.xml:44:9-33
94
95    <application
95-->src/main/AndroidManifest.xml:12:5-73:19
96        android:name="io.flutter.app.FlutterApplication"
96-->src/main/AndroidManifest.xml:13:9-57
97        android:appComponentFactory="androidx.core.app.CoreComponentFactory"
97-->[androidx.core:core:1.6.0] AndroidManifest.xml:24:18-86
98        android:debuggable="true"
99        android:extractNativeLibs="false"
100        android:icon="@mipmap/launcher_icon"
100-->src/main/AndroidManifest.xml:17:9-45
101        android:label="Glover Delivery Boy"
101-->src/main/AndroidManifest.xml:14:9-44
102        android:requestLegacyExternalStorage="true"
102-->src/main/AndroidManifest.xml:16:9-52
103        android:usesCleartextTraffic="true" >
103-->src/main/AndroidManifest.xml:15:9-44
104        <activity
104-->src/main/AndroidManifest.xml:19:9-62:20
105            android:name="online.edentech.fuodzdeliveryboy.MainActivity"
105-->src/main/AndroidManifest.xml:20:13-41
106            android:configChanges="orientation|keyboardHidden|keyboard|screenSize|smallestScreenSize|locale|layoutDirection|fontScale|screenLayout|density|uiMode"
106-->src/main/AndroidManifest.xml:23:13-163
107            android:hardwareAccelerated="true"
107-->src/main/AndroidManifest.xml:24:13-47
108            android:launchMode="singleTop"
108-->src/main/AndroidManifest.xml:21:13-43
109            android:theme="@style/LaunchTheme"
109-->src/main/AndroidManifest.xml:22:13-47
110            android:windowSoftInputMode="adjustResize" >
110-->src/main/AndroidManifest.xml:25:13-55
111
112            <!--
113                 Specifies an Android theme to apply to this Activity as soon as
114                 the Android process has started. This theme is visible to the user
115                 while the Flutter UI initializes. After that, this theme continues
116                 to determine the Window background behind the Flutter UI.
117            -->
118            <meta-data
118-->src/main/AndroidManifest.xml:30:13-33:17
119                android:name="io.flutter.embedding.android.NormalTheme"
119-->src/main/AndroidManifest.xml:31:15-70
120                android:resource="@style/NormalTheme" />
120-->src/main/AndroidManifest.xml:32:15-52
121            <!--
122                 Displays an Android View that continues showing the launch screen
123                 Drawable until Flutter paints its first frame, then this splash
124                 screen fades out. A splash screen is useful to avoid any visual
125                 gap between the end of Android's launch screen and the painting of
126                 Flutter's first frame.
127            -->
128            <meta-data
128-->src/main/AndroidManifest.xml:39:13-42:17
129                android:name="io.flutter.embedding.android.SplashScreenDrawable"
129-->src/main/AndroidManifest.xml:40:15-79
130                android:resource="@drawable/launch_background" />
130-->src/main/AndroidManifest.xml:41:15-61
131
132            <!-- Firebase notification -->
133            <meta-data
133-->src/main/AndroidManifest.xml:45:13-47:48
134                android:name="com.google.firebase.messaging.default_notification_channel_id"
134-->src/main/AndroidManifest.xml:46:17-93
135                android:value="basic_channel" />
135-->src/main/AndroidManifest.xml:47:17-46
136            <meta-data
136-->src/main/AndroidManifest.xml:49:13-51:64
137                android:name="com.google.firebase.messaging.default_notification_icon"
137-->src/main/AndroidManifest.xml:50:17-87
138                android:resource="@mipmap/notification_icon" />
138-->src/main/AndroidManifest.xml:51:17-61
139
140            <intent-filter>
140-->src/main/AndroidManifest.xml:53:13-56:29
141                <action android:name="android.intent.action.MAIN" />
141-->src/main/AndroidManifest.xml:54:17-68
141-->src/main/AndroidManifest.xml:54:25-66
142
143                <category android:name="android.intent.category.LAUNCHER" />
143-->src/main/AndroidManifest.xml:55:17-76
143-->src/main/AndroidManifest.xml:55:27-74
144            </intent-filter>
145            <intent-filter>
145-->src/main/AndroidManifest.xml:58:13-61:29
146                <action android:name="FLUTTER_NOTIFICATION_CLICK" />
146-->src/main/AndroidManifest.xml:59:17-69
146-->src/main/AndroidManifest.xml:59:25-66
147
148                <category android:name="android.intent.category.DEFAULT" />
148-->src/main/AndroidManifest.xml:60:17-76
148-->src/main/AndroidManifest.xml:60:27-73
149            </intent-filter>
150        </activity>
151        <!--
152             Don't delete the meta-data below.
153             This is used by the Flutter tool to generate GeneratedPluginRegistrant.java
154        -->
155        <meta-data
155-->src/main/AndroidManifest.xml:65:9-67:33
156            android:name="flutterEmbedding"
156-->src/main/AndroidManifest.xml:66:13-44
157            android:value="2" />
157-->src/main/AndroidManifest.xml:67:13-30
158        <meta-data
158-->src/main/AndroidManifest.xml:70:9-71:70
159            android:name="com.google.android.geo.API_KEY"
159-->src/main/AndroidManifest.xml:70:20-65
160            android:value="AIzaSyDnDczEoeUwf7bN5b_-223uvrecPVfzggE" />
160-->src/main/AndroidManifest.xml:71:13-68
161
162        <service
162-->[:location] AndroidManifest.xml:11:9-15:56
163            android:name="com.lyokone.location.FlutterLocationService"
163-->[:location] AndroidManifest.xml:12:13-71
164            android:enabled="true"
164-->[:location] AndroidManifest.xml:13:13-35
165            android:exported="false"
165-->[:location] AndroidManifest.xml:14:13-37
166            android:foregroundServiceType="location" />
166-->[:location] AndroidManifest.xml:15:13-53
167
168        <activity
168-->[:url_launcher_android] AndroidManifest.xml:8:9-11:74
169            android:name="io.flutter.plugins.urllauncher.WebViewActivity"
169-->[:url_launcher_android] AndroidManifest.xml:9:13-74
170            android:exported="false"
170-->[:url_launcher_android] AndroidManifest.xml:10:13-37
171            android:theme="@android:style/Theme.NoTitleBar.Fullscreen" />
171-->[:url_launcher_android] AndroidManifest.xml:11:13-71
172
173        <provider
173-->[:image_picker] AndroidManifest.xml:8:9-16:20
174            android:name="io.flutter.plugins.imagepicker.ImagePickerFileProvider"
174-->[:image_picker] AndroidManifest.xml:9:13-82
175            android:authorities="online.edentech.fuodzdeliveryboy.flutter.image_provider"
175-->[:image_picker] AndroidManifest.xml:10:13-74
176            android:exported="false"
176-->[:image_picker] AndroidManifest.xml:11:13-37
177            android:grantUriPermissions="true" >
177-->[:image_picker] AndroidManifest.xml:12:13-47
178            <meta-data
178-->[:image_picker] AndroidManifest.xml:13:13-15:75
179                android:name="android.support.FILE_PROVIDER_PATHS"
179-->[:image_picker] AndroidManifest.xml:14:17-67
180                android:resource="@xml/flutter_image_picker_file_paths" />
180-->[:image_picker] AndroidManifest.xml:15:17-72
181        </provider>
182
183        <service
183-->[:cloud_firestore] AndroidManifest.xml:8:9-12:19
184            android:name="com.google.firebase.components.ComponentDiscoveryService"
184-->[:cloud_firestore] AndroidManifest.xml:8:18-89
185            android:directBootAware="true"
185-->[com.google.firebase:firebase-common:20.0.0] AndroidManifest.xml:35:13-43
186            android:exported="false" >
186-->[com.google.firebase:firebase-auth-ktx:21.0.1] AndroidManifest.xml:10:13-37
187            <meta-data
187-->[:cloud_firestore] AndroidManifest.xml:9:13-11:85
188                android:name="com.google.firebase.components:io.flutter.plugins.firebase.firestore.FlutterFirebaseFirestoreRegistrar"
188-->[:cloud_firestore] AndroidManifest.xml:10:17-134
189                android:value="com.google.firebase.components.ComponentRegistrar" />
189-->[:cloud_firestore] AndroidManifest.xml:11:17-82
190            <meta-data
190-->[:firebase_auth] AndroidManifest.xml:9:13-11:85
191                android:name="com.google.firebase.components:io.flutter.plugins.firebase.auth.FlutterFirebaseAuthRegistrar"
191-->[:firebase_auth] AndroidManifest.xml:10:17-124
192                android:value="com.google.firebase.components.ComponentRegistrar" />
192-->[:firebase_auth] AndroidManifest.xml:11:17-82
193            <meta-data
193-->[:firebase_storage] AndroidManifest.xml:9:13-11:85
194                android:name="com.google.firebase.components:io.flutter.plugins.firebase.storage.FlutterFirebaseAppRegistrar"
194-->[:firebase_storage] AndroidManifest.xml:10:17-126
195                android:value="com.google.firebase.components.ComponentRegistrar" />
195-->[:firebase_storage] AndroidManifest.xml:11:17-82
196            <meta-data
196-->[:firebase_messaging] AndroidManifest.xml:34:13-36:85
197                android:name="com.google.firebase.components:io.flutter.plugins.firebase.messaging.FlutterFirebaseAppRegistrar"
197-->[:firebase_messaging] AndroidManifest.xml:35:17-128
198                android:value="com.google.firebase.components.ComponentRegistrar" />
198-->[:firebase_messaging] AndroidManifest.xml:36:17-82
199            <meta-data
199-->[:firebase_core] AndroidManifest.xml:9:13-11:85
200                android:name="com.google.firebase.components:io.flutter.plugins.firebase.core.FlutterFirebaseCoreRegistrar"
200-->[:firebase_core] AndroidManifest.xml:10:17-124
201                android:value="com.google.firebase.components.ComponentRegistrar" />
201-->[:firebase_core] AndroidManifest.xml:11:17-82
202            <meta-data
202-->[com.google.firebase:firebase-auth-ktx:21.0.1] AndroidManifest.xml:11:13-13:85
203                android:name="com.google.firebase.components:com.google.firebase.auth.ktx.FirebaseAuthKtxRegistrar"
203-->[com.google.firebase:firebase-auth-ktx:21.0.1] AndroidManifest.xml:12:17-116
204                android:value="com.google.firebase.components.ComponentRegistrar" />
204-->[com.google.firebase:firebase-auth-ktx:21.0.1] AndroidManifest.xml:13:17-82
205            <meta-data
205-->[com.google.firebase:firebase-messaging-ktx:23.0.0] AndroidManifest.xml:29:13-31:85
206                android:name="com.google.firebase.components:com.google.firebase.messaging.ktx.FirebaseMessagingKtxRegistrar"
206-->[com.google.firebase:firebase-messaging-ktx:23.0.0] AndroidManifest.xml:30:17-126
207                android:value="com.google.firebase.components.ComponentRegistrar" />
207-->[com.google.firebase:firebase-messaging-ktx:23.0.0] AndroidManifest.xml:31:17-82
208            <meta-data
208-->[com.google.firebase:firebase-common-ktx:20.0.0] AndroidManifest.xml:15:13-17:85
209                android:name="com.google.firebase.components:com.google.firebase.ktx.FirebaseCommonKtxRegistrar"
209-->[com.google.firebase:firebase-common-ktx:20.0.0] AndroidManifest.xml:16:17-113
210                android:value="com.google.firebase.components.ComponentRegistrar" />
210-->[com.google.firebase:firebase-common-ktx:20.0.0] AndroidManifest.xml:17:17-82
211            <meta-data
211-->[com.google.firebase:firebase-firestore:24.0.0] AndroidManifest.xml:20:13-22:85
212                android:name="com.google.firebase.components:com.google.firebase.firestore.FirestoreRegistrar"
212-->[com.google.firebase:firebase-firestore:24.0.0] AndroidManifest.xml:21:17-111
213                android:value="com.google.firebase.components.ComponentRegistrar" />
213-->[com.google.firebase:firebase-firestore:24.0.0] AndroidManifest.xml:22:17-82
214            <meta-data
214-->[com.google.firebase:firebase-auth:21.0.1] AndroidManifest.xml:77:13-79:85
215                android:name="com.google.firebase.components:com.google.firebase.auth.FirebaseAuthRegistrar"
215-->[com.google.firebase:firebase-auth:21.0.1] AndroidManifest.xml:78:17-109
216                android:value="com.google.firebase.components.ComponentRegistrar" />
216-->[com.google.firebase:firebase-auth:21.0.1] AndroidManifest.xml:79:17-82
217            <meta-data
217-->[com.google.firebase:firebase-messaging:23.0.0] AndroidManifest.xml:52:13-54:85
218                android:name="com.google.firebase.components:com.google.firebase.messaging.FirebaseMessagingRegistrar"
218-->[com.google.firebase:firebase-messaging:23.0.0] AndroidManifest.xml:53:17-119
219                android:value="com.google.firebase.components.ComponentRegistrar" />
219-->[com.google.firebase:firebase-messaging:23.0.0] AndroidManifest.xml:54:17-82
220            <meta-data
220-->[com.google.firebase:firebase-storage:20.0.0] AndroidManifest.xml:33:13-35:85
221                android:name="com.google.firebase.components:com.google.firebase.storage.StorageRegistrar"
221-->[com.google.firebase:firebase-storage:20.0.0] AndroidManifest.xml:34:17-107
222                android:value="com.google.firebase.components.ComponentRegistrar" />
222-->[com.google.firebase:firebase-storage:20.0.0] AndroidManifest.xml:35:17-82
223            <meta-data
223-->[com.google.firebase:firebase-datatransport:18.0.0] AndroidManifest.xml:28:13-30:85
224                android:name="com.google.firebase.components:com.google.firebase.datatransport.TransportRegistrar"
224-->[com.google.firebase:firebase-datatransport:18.0.0] AndroidManifest.xml:29:17-115
225                android:value="com.google.firebase.components.ComponentRegistrar" />
225-->[com.google.firebase:firebase-datatransport:18.0.0] AndroidManifest.xml:30:17-82
226            <meta-data
226-->[com.google.firebase:firebase-installations:17.0.0] AndroidManifest.xml:18:13-20:85
227                android:name="com.google.firebase.components:com.google.firebase.installations.FirebaseInstallationsRegistrar"
227-->[com.google.firebase:firebase-installations:17.0.0] AndroidManifest.xml:19:17-127
228                android:value="com.google.firebase.components.ComponentRegistrar" />
228-->[com.google.firebase:firebase-installations:17.0.0] AndroidManifest.xml:20:17-82
229        </service>
230
231        <activity
231-->[:flutter_inappwebview] AndroidManifest.xml:14:9-17:47
232            android:name="com.pichillilorenzo.flutter_inappwebview.in_app_browser.InAppBrowserActivity"
232-->[:flutter_inappwebview] AndroidManifest.xml:15:13-104
233            android:configChanges="orientation|keyboardHidden|keyboard|screenSize|locale|layoutDirection|fontScale|screenLayout|density"
233-->[:flutter_inappwebview] AndroidManifest.xml:16:13-137
234            android:theme="@style/AppTheme" />
234-->[:flutter_inappwebview] AndroidManifest.xml:17:13-44
235        <activity
235-->[:flutter_inappwebview] AndroidManifest.xml:18:9-20:55
236            android:name="com.pichillilorenzo.flutter_inappwebview.chrome_custom_tabs.ChromeCustomTabsActivity"
236-->[:flutter_inappwebview] AndroidManifest.xml:19:13-112
237            android:theme="@style/ThemeTransparent" />
237-->[:flutter_inappwebview] AndroidManifest.xml:20:13-52
238
239        <receiver android:name="com.pichillilorenzo.flutter_inappwebview.chrome_custom_tabs.ActionBroadcastReceiver" />
239-->[:flutter_inappwebview] AndroidManifest.xml:22:9-120
239-->[:flutter_inappwebview] AndroidManifest.xml:22:19-117
240
241        <meta-data
241-->[:flutter_inappwebview] AndroidManifest.xml:24:9-26:36
242            android:name="io.flutter.embedded_views_preview"
242-->[:flutter_inappwebview] AndroidManifest.xml:25:13-61
243            android:value="true" />
243-->[:flutter_inappwebview] AndroidManifest.xml:26:13-33
244        <!--
245        <service
246            android:name=".services.firebase.FCMService"
247            android:exported="false">
248            <intent-filter>
249                <action android:name="com.google.firebase.MESSAGING_EVENT"/>
250            </intent-filter>
251        </service>
252
253        <service
254            android:name=".services.AutoCancelService"
255            android:stopWithTask="true" />
256
257        <meta-data android:name="firebase_messaging_auto_init_enabled" android:value="true" />
258
259        <meta-data
260            android:name="com.google.firebase.messaging.default_notification_channel_id"
261            android:value="me.carda.awesome_notifications.firebase.background_channel"/>
262        -->
263        <receiver android:name="me.carda.awesome_notifications.notifications.broadcastReceivers.DismissedNotificationReceiver" />
263-->[:awesome_notifications] AndroidManifest.xml:41:9-130
263-->[:awesome_notifications] AndroidManifest.xml:41:19-127
264        <receiver android:name="me.carda.awesome_notifications.notifications.broadcastReceivers.ScheduledNotificationReceiver" />
264-->[:awesome_notifications] AndroidManifest.xml:42:9-130
264-->[:awesome_notifications] AndroidManifest.xml:42:19-127
265        <receiver android:name="me.carda.awesome_notifications.notifications.broadcastReceivers.KeepOnTopActionReceiver" />
265-->[:awesome_notifications] AndroidManifest.xml:43:9-124
265-->[:awesome_notifications] AndroidManifest.xml:43:19-121
266        <receiver
266-->[:awesome_notifications] AndroidManifest.xml:44:9-56:20
267            android:name="me.carda.awesome_notifications.notifications.broadcastReceivers.RefreshNotificationBootReceiver"
267-->[:awesome_notifications] AndroidManifest.xml:45:13-123
268            android:exported="false" >
268-->[:awesome_notifications] AndroidManifest.xml:46:13-37
269            <intent-filter>
269-->[:awesome_notifications] AndroidManifest.xml:47:13-55:29
270                <category android:name="android.intent.category.DEFAULT" />
270-->src/main/AndroidManifest.xml:60:17-76
270-->src/main/AndroidManifest.xml:60:27-73
271
272                <action android:name="android.intent.action.BOOT_COMPLETED" />
272-->[:awesome_notifications] AndroidManifest.xml:50:17-79